[debug] [2018-12-26T06:06:14.998Z] ----------------------------------------------------------------------
[debug] [2018-12-26T06:06:15.004Z] Command:       C:\Program Files\nodejs\node.exe C:\Users\deebov\AppData\Roaming\npm\node_modules\firebase-tools\lib\bin\firebase.js deploy --only functions
[debug] [2018-12-26T06:06:15.004Z] CLI Version:   6.1.2
[debug] [2018-12-26T06:06:15.004Z] Platform:      win32
[debug] [2018-12-26T06:06:15.005Z] Node Version:  v10.14.1
[debug] [2018-12-26T06:06:15.031Z] Time:          Wed Dec 26 2018 11:06:15 GMT+0500 (Uzbekistan Standard Time)
[debug] [2018-12-26T06:06:15.031Z] ----------------------------------------------------------------------
[debug] 
[debug] [2018-12-26T06:06:15.085Z] > command requires scopes: ["email","openid","https://www.googleapis.com/auth/cloudplatformprojects.readonly","https://www.googleapis.com/auth/firebase","https://www.googleapis.com/auth/cloud-platform"]
[debug] [2018-12-26T06:06:15.089Z] > authorizing via signed-in user
[debug] [2018-12-26T06:06:15.090Z] [iam] checking project era-ecommerce-react for permissions ["cloudfunctions.functions.create","cloudfunctions.functions.delete","cloudfunctions.functions.get","cloudfunctions.functions.list","cloudfunctions.functions.update","cloudfunctions.operations.get","firebase.projects.get"]
[debug] [2018-12-26T06:06:15.095Z] >>> HTTP REQUEST POST https://cloudresourcemanager.googleapis.com/v1/projects/era-ecommerce-react:testIamPermissions  

[debug] [2018-12-26T06:06:17.416Z] <<< HTTP RESPONSE 200
[info] 
[info] === Deploying to 'era-ecommerce-react'...
[info] 
[info] i  deploying functions
[debug] [2018-12-26T06:06:40.475Z] > [functions] package.json contents: {
  "name": "functions",
  "description": "Cloud Functions for Firebase",
  "scripts": {
    "serve": "firebase serve --only functions",
    "shell": "firebase functions:shell",
    "start": "npm run shell",
    "deploy": "firebase deploy --only functions",
    "logs": "firebase functions:log"
  },
  "dependencies": {
    "firebase-admin": "~6.0.0",
    "firebase-functions": "^2.1.0"
  },
  "private": true
}
[info] i  functions: ensuring necessary APIs are enabled...
[debug] [2018-12-26T06:06:40.479Z] >>> HTTP REQUEST GET https://servicemanagement.googleapis.com/v1/services/cloudfunctions.googleapis.com/projectSettings/era-ecommerce-react?view=CONSUMER_VIEW  
 
[debug] [2018-12-26T06:06:40.481Z] >>> HTTP REQUEST GET https://servicemanagement.googleapis.com/v1/services/runtimeconfig.googleapis.com/projectSettings/era-ecommerce-react?view=CONSUMER_VIEW  
 
[debug] [2018-12-26T06:06:44.486Z] <<< HTTP RESPONSE 200
[info] +  functions: all necessary APIs are enabled
[debug] [2018-12-26T06:06:44.623Z] <<< HTTP RESPONSE 200
[debug] [2018-12-26T06:06:44.624Z] >>> HTTP REQUEST GET https://cloudresourcemanager.googleapis.com/v1/projects/era-ecommerce-react  
 
[debug] [2018-12-26T06:06:46.039Z] <<< HTTP RESPONSE 200
[debug] [2018-12-26T06:06:46.040Z] >>> HTTP REQUEST GET https://mobilesdk-pa.googleapis.com/v1/projects/1072314715601:getServerAppConfig  
 
[debug] [2018-12-26T06:06:46.986Z] <<< HTTP RESPONSE 200
[info] i  functions: preparing functions directory for uploading...
[info] i  functions: packaged functions (41.54 KB) for uploading
[debug] [2018-12-26T06:06:47.918Z] >>> HTTP REQUEST POST https://cloudfunctions.googleapis.com/v1/projects/era-ecommerce-react/locations/us-central1/functions:generateUploadUrl  
 
[info] 

There was an issue deploying your functions. Verify that your project has a Google App Engine instance setup at https://console.cloud.google.com/appengine and try again. If this issue persists, please contact support.
[warn] !  functions: Upload Error: Server Error. connect ECONNREFUSED 74.125.131.95:443
[debug] [2018-12-26T06:06:49.200Z] Error: connect ECONNREFUSED 74.125.131.95:443
    at TCPConnectWrap.afterConnect [as oncomplete] (net.js:1113:14)
[error] 
[error] Error: Server Error. connect ECONNREFUSED 74.125.131.95:443
